<?xml version="1.0" encoding="UTF-8"?>
<!-- Generated by org.testng.reporters.JUnitXMLReporter -->
<testsuite hostname="jynath99" ignored="0" name="My TestNG Practice" tests="3" failures="0" timestamp="16 Aug 2020 15:27:38 GMT" time="0.097" errors="0">
  <testcase name="test2" time="0.022" classname="TestNGSession.PriorityTest"/>
  <testcase name="CreateUser" time="0.004" classname="TestNGSession.InvocationCountConcept"/>
  <testcase name="CreateUser" time="0.003" classname="TestNGSession.InvocationCountConcept"/>
</testsuite> <!-- My TestNG Practice -->
