<?xml version="1.0" encoding="UTF-8"?>
<testng-results skipped="0" failed="0" ignored="0" total="1" passed="1">
  <reporter-output>
  </reporter-output>
  <suite name="Default suite" duration-ms="19114" started-at="2020-09-08T17:56:29 IST" finished-at="2020-09-08T17:56:49 IST">
    <groups>
    </groups>
    <test name="Default test" duration-ms="19114" started-at="2020-09-08T17:56:29 IST" finished-at="2020-09-08T17:56:49 IST">
      <class name="PracticeSelenium.FlipkartPage">
        <test-method status="PASS" signature="SearchProduct()[pri:0, instance:PracticeSelenium.FlipkartPage@167fdd33]" name="SearchProduct" duration-ms="19045" started-at="2020-09-08T17:56:30 IST" finished-at="2020-09-08T17:56:49 IST">
          <reporter-output>
          </reporter-output>
        </test-method> <!-- SearchProduct -->
      </class> <!-- PracticeSelenium.FlipkartPage -->
    </test> <!-- Default test -->
  </suite> <!-- Default suite -->
</testng-results>
