<?xml version="1.0" encoding="UTF-8"?>
<!-- Generated by org.testng.reporters.JUnitXMLReporter -->
<testsuite hostname="jynath99" ignored="0" name="My TestNG Practice Sanity Test" tests="3" failures="0" timestamp="16 Aug 2020 15:19:41 GMT" time="0.104" errors="0">
  <testcase name="test2" time="0.019" classname="TestNGSession.PriorityTest"/>
  <testcase name="test3" time="0.001" classname="TestNGSession.PriorityTest"/>
  <testcase name="loginTest" time="0.002" classname="TestNGSession.ExpectedExceptionConcept"/>
</testsuite> <!-- My TestNG Practice Sanity Test -->
